<?xml version="1.0" encoding="UTF-8"?>
<testsuite xmlns:xsi="http://www.w3.org/2001/XMLSchema-instance" xsi:noNamespaceSchemaLocation="https://maven.apache.org/surefire/maven-surefire-plugin/xsd/surefire-test-report-3.0.xsd" version="3.0" name="com.github.marcosws.crs.model.service.CRSLoginServiceTest" time="0.011" tests="12" errors="0" skipped="0" failures="0">
  <properties>
    <property name="sun.desktop" value="gnome"/>
    <property name="awt.toolkit" value="sun.awt.X11.XToolkit"/>
    <property name="java.specification.version" value="11"/>
    <property name="sun.cpu.isalist" value=""/>
    <property name="sun.jnu.encoding" value="UTF-8"/>
    <property name="java.class.path" value="/media/marcos/LOCAL01/projetos/eclipse/crs-car-rental-system/target/test-classes:/media/marcos/LOCAL01/projetos/eclipse/crs-car-rental-system/target/classes:/home/marcos/.m2/repository/org/junit/jupiter/junit-jupiter/5.12.1/junit-jupiter-5.12.1.jar:/home/marcos/.m2/repository/org/junit/jupiter/junit-jupiter-api/5.12.1/junit-jupiter-api-5.12.1.jar:/home/marcos/.m2/repository/org/opentest4j/opentest4j/1.3.0/opentest4j-1.3.0.jar:/home/marcos/.m2/repository/org/junit/platform/junit-platform-commons/1.12.1/junit-platform-commons-1.12.1.jar:/home/marcos/.m2/repository/org/junit/jupiter/junit-jupiter-params/5.12.1/junit-jupiter-params-5.12.1.jar:/home/marcos/.m2/repository/org/junit/jupiter/junit-jupiter-engine/5.12.1/junit-jupiter-engine-5.12.1.jar:/home/marcos/.m2/repository/org/junit/platform/junit-platform-engine/1.12.1/junit-platform-engine-1.12.1.jar:/home/marcos/.m2/repository/org/apiguardian/apiguardian-api/1.1.2/apiguardian-api-1.1.2.jar:/home/marcos/.m2/repository/org/apache/logging/log4j/log4j-core/2.24.3/log4j-core-2.24.3.jar:/home/marcos/.m2/repository/org/apache/logging/log4j/log4j-api/2.24.3/log4j-api-2.24.3.jar:/home/marcos/.m2/repository/commons-io/commons-io/2.16.1/commons-io-2.16.1.jar:/home/marcos/.m2/repository/org/xerial/sqlite-jdbc/3.49.1.0/sqlite-jdbc-3.49.1.0.jar:"/>
    <property name="java.vm.vendor" value="Oracle Corporation"/>
    <property name="sun.arch.data.model" value="64"/>
    <property name="java.vendor.url" value="https://openjdk.java.net/"/>
    <property name="user.timezone" value=""/>
    <property name="java.vm.specification.version" value="11"/>
    <property name="os.name" value="Linux"/>
    <property name="sun.java.launcher" value="SUN_STANDARD"/>
    <property name="user.country" value="BR"/>
    <property name="sun.boot.library.path" value="/usr/lib/jvm/jdk-11.0.25-oracle-x64/lib"/>
    <property name="sun.java.command" value="/media/marcos/LOCAL01/projetos/eclipse/crs-car-rental-system/target/surefire/surefirebooter-20250503184339379_3.jar /media/marcos/LOCAL01/projetos/eclipse/crs-car-rental-system/target/surefire 2025-05-03T18-43-39_331-jvmRun1 surefire-20250503184339379_1tmp surefire_0-20250503184339379_2tmp"/>
    <property name="jdk.debug" value="release"/>
    <property name="surefire.test.class.path" value="/media/marcos/LOCAL01/projetos/eclipse/crs-car-rental-system/target/test-classes:/media/marcos/LOCAL01/projetos/eclipse/crs-car-rental-system/target/classes:/home/marcos/.m2/repository/org/junit/jupiter/junit-jupiter/5.12.1/junit-jupiter-5.12.1.jar:/home/marcos/.m2/repository/org/junit/jupiter/junit-jupiter-api/5.12.1/junit-jupiter-api-5.12.1.jar:/home/marcos/.m2/repository/org/opentest4j/opentest4j/1.3.0/opentest4j-1.3.0.jar:/home/marcos/.m2/repository/org/junit/platform/junit-platform-commons/1.12.1/junit-platform-commons-1.12.1.jar:/home/marcos/.m2/repository/org/junit/jupiter/junit-jupiter-params/5.12.1/junit-jupiter-params-5.12.1.jar:/home/marcos/.m2/repository/org/junit/jupiter/junit-jupiter-engine/5.12.1/junit-jupiter-engine-5.12.1.jar:/home/marcos/.m2/repository/org/junit/platform/junit-platform-engine/1.12.1/junit-platform-engine-1.12.1.jar:/home/marcos/.m2/repository/org/apiguardian/apiguardian-api/1.1.2/apiguardian-api-1.1.2.jar:/home/marcos/.m2/repository/org/apache/logging/log4j/log4j-core/2.24.3/log4j-core-2.24.3.jar:/home/marcos/.m2/repository/org/apache/logging/log4j/log4j-api/2.24.3/log4j-api-2.24.3.jar:/home/marcos/.m2/repository/commons-io/commons-io/2.16.1/commons-io-2.16.1.jar:/home/marcos/.m2/repository/org/xerial/sqlite-jdbc/3.49.1.0/sqlite-jdbc-3.49.1.0.jar:"/>
    <property name="sun.cpu.endian" value="little"/>
    <property name="user.home" value="/home/marcos"/>
    <property name="user.language" value="pt"/>
    <property name="java.specification.vendor" value="Oracle Corporation"/>
    <property name="java.version.date" value="2024-10-15"/>
    <property name="java.home" value="/usr/lib/jvm/jdk-11.0.25-oracle-x64"/>
    <property name="file.separator" value="/"/>
    <property name="style.color" value="always"/>
    <property name="basedir" value="/media/marcos/LOCAL01/projetos/eclipse/crs-car-rental-system"/>
    <property name="java.vm.compressedOopsMode" value="Zero based"/>
    <property name="line.separator" value="&#10;"/>
    <property name="java.specification.name" value="Java Platform API Specification"/>
    <property name="java.vm.specification.vendor" value="Oracle Corporation"/>
    <property name="java.awt.graphicsenv" value="sun.awt.X11GraphicsEnvironment"/>
    <property name="surefire.real.class.path" value="/media/marcos/LOCAL01/projetos/eclipse/crs-car-rental-system/target/surefire/surefirebooter-20250503184339379_3.jar"/>
    <property name="sun.management.compiler" value="HotSpot 64-Bit Tiered Compilers"/>
    <property name="java.runtime.version" value="11.0.25+9-LTS-256"/>
    <property name="user.name" value="marcos"/>
    <property name="path.separator" value=":"/>
    <property name="os.version" value="6.8.0-59-generic"/>
    <property name="java.runtime.name" value="Java(TM) SE Runtime Environment"/>
    <property name="file.encoding" value="UTF-8"/>
    <property name="java.vm.name" value="Java HotSpot(TM) 64-Bit Server VM"/>
    <property name="java.vendor.version" value="18.9"/>
    <property name="localRepository" value="/home/marcos/.m2/repository"/>
    <property name="java.vendor.url.bug" value="https://bugreport.java.com/bugreport/"/>
    <property name="java.io.tmpdir" value="/tmp"/>
    <property name="java.version" value="11.0.25"/>
    <property name="user.dir" value="/media/marcos/LOCAL01/projetos/eclipse/crs-car-rental-system"/>
    <property name="os.arch" value="amd64"/>
    <property name="java.vm.specification.name" value="Java Virtual Machine Specification"/>
    <property name="java.awt.printerjob" value="sun.print.PSPrinterJob"/>
    <property name="sun.os.patch.level" value="unknown"/>
    <property name="java.library.path" value="/usr/java/packages/lib:/usr/lib64:/lib64:/lib:/usr/lib"/>
    <property name="java.vendor" value="Oracle Corporation"/>
    <property name="java.vm.info" value="mixed mode"/>
    <property name="java.vm.version" value="11.0.25+9-LTS-256"/>
    <property name="java.specification.maintenance.version" value="3"/>
    <property name="sun.io.unicode.encoding" value="UnicodeLittle"/>
    <property name="java.class.version" value="55.0"/>
  </properties>
  <testcase name="should_ValidateLogin_Invalid_User_and_Password_Empty_Login" classname="com.github.marcosws.crs.model.service.CRSLoginServiceTest" time="0.001"/>
  <testcase name="should_ValidateLogin_UserOk" classname="com.github.marcosws.crs.model.service.CRSLoginServiceTest" time="0.0"/>
  <testcase name="should_ValidateUser_Invalid_User_and_Password_Null_User" classname="com.github.marcosws.crs.model.service.CRSLoginServiceTest" time="0.001"/>
  <testcase name="should_ValidateLogin_Invalid_User_and_Password_Null_Login" classname="com.github.marcosws.crs.model.service.CRSLoginServiceTest" time="0.0"/>
  <testcase name="should_ValidateUser_Reset_Password" classname="com.github.marcosws.crs.model.service.CRSLoginServiceTest" time="0.001"/>
  <testcase name="should_ValidateUser_Password_Invalid" classname="com.github.marcosws.crs.model.service.CRSLoginServiceTest" time="0.002"/>
  <testcase name="should_ValidateUser_Invalid_User_and_Password_Empty_Password" classname="com.github.marcosws.crs.model.service.CRSLoginServiceTest" time="0.0"/>
  <testcase name="should_ValidateLogin_Invalid_User_and_Password_Empty_Password" classname="com.github.marcosws.crs.model.service.CRSLoginServiceTest" time="0.001"/>
  <testcase name="should_ValidateUser_Invalid_User_and_Password_Null_Password" classname="com.github.marcosws.crs.model.service.CRSLoginServiceTest" time="0.0"/>
  <testcase name="should_ValidateLogin_Invalid_User_and_Password_Null_Password" classname="com.github.marcosws.crs.model.service.CRSLoginServiceTest" time="0.001"/>
  <testcase name="should_ValidateUser_UserOk" classname="com.github.marcosws.crs.model.service.CRSLoginServiceTest" time="0.001"/>
  <testcase name="should_ValidateUser_User_Inactive" classname="com.github.marcosws.crs.model.service.CRSLoginServiceTest" time="0.001"/>
</testsuite>